<?xml version="1.0" encoding="UTF-8"?>
<!-- Generated by org.testng.reporters.JUnitReportReporter -->
<testsuite hostname="Rutvik" failures="0" tests="1" name="Try" time="1.790" errors="0" timestamp="2025-02-21T16:32:31 EST" skipped="0">
  <testcase classname="Try" name="start" time="1.790"/>
  <system-out/>
</testsuite> <!-- Try -->
